[2023-01-26T18:29:20.923] [INFO] default -  Running in dev mode: http://localhost:5000/
[2023-01-27T08:50:22.411] [INFO] default -  Running in dev mode: http://localhost:5000/
[2023-01-27T09:17:05.583] [INFO] default -  Running in dev mode: http://localhost:5000/
[2023-01-27T09:44:09.061] [INFO] default -  Running in dev mode: http://localhost:5000/
[2023-01-29T11:55:24.601] [INFO] default -  Running in dev mode: http://localhost:5000/
[2023-02-01T10:43:42.953] [INFO] default -  Running in dev mode: http://localhost:5000/
[2023-02-01T16:33:35.682] [INFO] default -  Running in dev mode: http://localhost:5000/
[2023-02-03T07:54:56.966] [INFO] default -  Running in dev mode: http://localhost:5000/
[2023-02-03T07:57:05.424] [INFO] default -  Running in dev mode: http://localhost:5000/
[2023-02-03T08:22:15.842] [INFO] default -  Running in dev mode: http://localhost:5000/
[2023-02-03T08:22:23.630] [ERROR] default - Illegal arguments: string, undefined
[2023-02-03T08:24:08.488] [ERROR] default - Illegal arguments: string, undefined
[2023-02-03T08:28:33.895] [INFO] default -  Running in dev mode: http://localhost:5000/
[2023-02-03T14:57:08.510] [INFO] default -  Running in dev mode: http://localhost:5000/
[2023-02-03T15:01:21.583] [INFO] default -  Running in dev mode: http://localhost:5000/
[2023-02-03T15:01:23.575] [ERROR] default - column user_creditCards.product_id does not exist
[2023-02-03T15:02:40.964] [INFO] default -  Running in dev mode: http://localhost:5000/
[2023-02-04T18:13:27.898] [INFO] default -  Running in dev mode: http://localhost:5000/
[2023-02-04T18:27:36.666] [INFO] default -  Running in dev mode: http://localhost:5000/
[2023-02-05T16:13:37.962] [INFO] default -  Running in dev mode: http://localhost:5000/
[2023-02-05T16:19:09.907] [INFO] default -  Running in dev mode: http://localhost:5000/
[2023-02-05T16:19:14.242] [ERROR] default - user_reputation is not associated to sale_product!
[2023-02-05T16:21:03.247] [INFO] default -  Running in dev mode: http://localhost:5000/
[2023-02-05T16:30:58.460] [INFO] default -  Running in dev mode: http://localhost:5000/
[2023-02-07T16:23:17.771] [INFO] default -  Running in dev mode: http://localhost:5000/
[2023-02-07T16:23:59.542] [ERROR] default - product_reputation is not associated to sale_receipt!
[2023-02-07T16:27:26.221] [INFO] default -  Running in dev mode: http://localhost:5000/
[2023-02-08T20:00:13.684] [INFO] default -  Running in dev mode: http://localhost:5000/
[2023-02-10T16:54:21.938] [INFO] default -  Running in dev mode: http://localhost:5000/
[2023-02-10T16:58:20.340] [INFO] default -  Running in dev mode: http://localhost:5000/
[2023-02-11T15:51:39.131] [INFO] default -  Running in dev mode: http://localhost:5000/
[2023-02-12T08:41:48.477] [INFO] default -  Running in dev mode: http://localhost:5000/
[2023-02-12T09:12:51.116] [INFO] default -  Running in dev mode: http://localhost:5000/
[2023-02-12T09:21:00.769] [INFO] default -  Running in dev mode: http://localhost:5000/
[2023-02-12T09:22:40.983] [INFO] default -  Running in dev mode: http://localhost:5000/
[2023-02-12T09:29:20.979] [INFO] default -  Running in dev mode: http://localhost:5000/
[2023-02-12T09:35:41.748] [INFO] default -  Running in dev mode: http://localhost:5000/
[2023-02-12T09:35:44.932] [ERROR] default - Cannot read properties of undefined (reading 'quantity')
[2023-02-12T09:39:51.870] [INFO] default -  Running in dev mode: http://localhost:5000/
[2023-02-12T10:06:19.265] [INFO] default -  Running in dev mode: http://localhost:5000/
[2023-02-12T10:09:51.621] [INFO] default -  Running in dev mode: http://localhost:5000/
[2023-02-12T10:11:43.656] [INFO] default -  Running in dev mode: http://localhost:5000/
[2023-02-12T10:17:19.897] [INFO] default -  Running in dev mode: http://localhost:5000/
[2023-02-12T10:18:19.243] [INFO] default -  Running in dev mode: http://localhost:5000/
[2023-02-12T10:18:22.226] [ERROR] default - Cannot read properties of null (reading 'product_stock')
[2023-02-12T10:20:48.428] [INFO] default -  Running in dev mode: http://localhost:5000/
[2023-02-12T10:23:02.108] [INFO] default -  Running in dev mode: http://localhost:5000/
[2023-02-12T10:26:03.573] [INFO] default -  Running in dev mode: http://localhost:5000/
[2023-02-12T10:32:45.548] [INFO] default -  Running in dev mode: http://localhost:5000/
[2023-02-12T10:35:30.581] [INFO] default -  Running in dev mode: http://localhost:5000/
[2023-02-12T10:41:42.903] [INFO] default -  Running in dev mode: http://localhost:5000/
[2023-02-12T10:53:53.736] [INFO] default -  Running in dev mode: http://localhost:5000/
[2023-02-12T10:59:36.473] [INFO] default -  Running in dev mode: http://localhost:5000/
[2023-02-12T11:03:04.186] [INFO] default -  Running in dev mode: http://localhost:5000/
[2023-02-12T12:38:49.931] [ERROR] default - Unknown constraint error
[2023-02-12T12:46:00.161] [INFO] default -  Running in dev mode: http://localhost:5000/
[2023-02-12T12:47:22.484] [INFO] default -  Running in dev mode: http://localhost:5000/
[2023-02-12T12:53:11.136] [INFO] default -  Running in dev mode: http://localhost:5000/
[2023-02-12T13:07:05.775] [INFO] default -  Running in dev mode: http://localhost:5000/
[2023-02-12T13:09:52.643] [INFO] default -  Running in dev mode: http://localhost:5000/
[2023-02-12T13:10:08.871] [ERROR] default - WHERE parameter "product_id" has invalid "undefined" value
[2023-02-12T13:13:36.764] [INFO] default -  Running in dev mode: http://localhost:5000/
[2023-02-12T13:13:40.303] [ERROR] default - WHERE parameter "product_id" has invalid "undefined" value
[2023-02-12T13:17:16.615] [INFO] default -  Running in dev mode: http://localhost:5000/
[2023-02-12T15:46:23.969] [INFO] default -  Running in dev mode: http://localhost:5000/
[2023-02-12T15:51:14.154] [INFO] default -  Running in dev mode: http://localhost:5000/
[2023-02-12T16:05:57.638] [INFO] default -  Running in dev mode: http://localhost:5000/
[2023-02-13T10:59:50.491] [INFO] default -  Running in dev mode: http://localhost:5000/
[2023-04-10T09:45:23.373] [INFO] default -  Running in dev mode: http://localhost:5000/
[2023-04-10T09:56:19.884] [INFO] default -  Running in dev mode: http://localhost:5000/
[2023-04-10T10:35:41.644] [INFO] default -  Running in dev mode: http://localhost:5000/
[2023-04-10T10:49:52.648] [INFO] default -  Running in dev mode: http://localhost:5000/
[2023-04-11T08:41:33.511] [INFO] default -  Running in dev mode: http://localhost:5000/
[2023-04-11T08:47:17.322] [INFO] default -  Running in dev mode: http://localhost:5000/
[2023-04-11T08:54:13.573] [INFO] default -  Running in dev mode: http://localhost:5000/
[2023-04-11T08:58:30.277] [INFO] default -  Running in dev mode: http://localhost:5000/
[2023-04-11T09:06:57.428] [INFO] default -  Running in dev mode: http://localhost:5000/
